# JRE version: OpenJDK Runtime Environment (7.0_51-b31) (build 1.7.0_51-b31)
# Java VM: OpenJDK 64-Bit Server VM (24.51-b03 mixed mode linux-amd64 compressed oops)
Heap
 PSYoungGen      total 81920K, used 48522K [0x00000000f5500000, 0x00000000fd500000, 0x0000000100000000)
  eden space 58880K, 43% used [0x00000000f5500000,0x00000000f6de9890,0x00000000f8e80000)
  from space 23040K, 99% used [0x00000000f8e80000,0x00000000fa4f90b8,0x00000000fa500000)
  to   space 27136K, 0% used [0x00000000fba80000,0x00000000fba80000,0x00000000fd500000)
 ParOldGen       total 76288K, used 40186K [0x00000000e0000000, 0x00000000e4a80000, 0x00000000f5500000)
  object space 76288K, 52% used [0x00000000e0000000,0x00000000e273ebb8,0x00000000e4a80000)
 PSPermGen       total 78336K, used 75463K [0x00000000d0000000, 0x00000000d4c80000, 0x00000000e0000000)
  object space 78336K, 96% used [0x00000000d0000000,0x00000000d49b1cc0,0x00000000d4c80000)
GC Heap History (10 events):
Event: 7.317 GC heap before
{Heap before GC invocations=11 (full 2):
 PSYoungGen      total 57856K, used 18932K [0x00000000f5500000, 0x00000000fb980000, 0x0000000100000000)
  eden space 38912K, 0% used [0x00000000f5500000,0x00000000f5500000,0x00000000f7b00000)
  from space 18944K, 99% used [0x00000000f7b00000,0x00000000f8d7d110,0x00000000f8d80000)
  to   space 25600K, 0% used [0x00000000fa080000,0x00000000fa080000,0x00000000fb980000)
 ParOldGen       total 48128K, used 39265K [0x00000000e0000000, 0x00000000e2f00000, 0x00000000f5500000)
  object space 48128K, 81% used [0x00000000e0000000,0x00000000e26587d8,0x00000000e2f00000)
 PSPermGen       total 51200K, used 50743K [0x00000000d0000000, 0x00000000d3200000, 0x00000000e0000000)
  object space 51200K, 99% used [0x00000000d0000000,0x00000000d318dd58,0x00000000d3200000)
Event: 7.458 GC heap after
Heap after GC invocations=11 (full 2):
 PSYoungGen      total 57856K, used 0K [0x00000000f5500000, 0x00000000fb980000, 0x0000000100000000)
  eden space 38912K, 0% used [0x00000000f5500000,0x00000000f5500000,0x00000000f7b00000)
  from space 18944K, 0% used [0x00000000f7b00000,0x00000000f7b00000,0x00000000f8d80000)
  to   space 25600K, 0% used [0x00000000fa080000,0x00000000fa080000,0x00000000fb980000)
 ParOldGen       total 76288K, used 37528K [0x00000000e0000000, 0x00000000e4a80000, 0x00000000f5500000)
  object space 76288K, 49% used [0x00000000e0000000,0x00000000e24a6100,0x00000000e4a80000)
 PSPermGen       total 78336K, used 50733K [0x00000000d0000000, 0x00000000d4c80000, 0x00000000e0000000)
  object space 78336K, 64% used [0x00000000d0000000,0x00000000d318b5f0,0x00000000d4c80000)
}
Event: 8.195 GC heap before
{Heap before GC invocations=12 (full 2):
 PSYoungGen      total 57856K, used 38912K [0x00000000f5500000, 0x00000000fb980000, 0x0000000100000000)
  eden space 38912K, 100% used [0x00000000f5500000,0x00000000f7b00000,0x00000000f7b00000)
  from space 18944K, 0% used [0x00000000f7b00000,0x00000000f7b00000,0x00000000f8d80000)
  to   space 25600K, 0% used [0x00000000fa080000,0x00000000fa080000,0x00000000fb980000)
 ParOldGen       total 76288K, used 37528K [0x00000000e0000000, 0x00000000e4a80000, 0x00000000f5500000)
  object space 76288K, 49% used [0x00000000e0000000,0x00000000e24a6100,0x00000000e4a80000)
 PSPermGen       total 78336K, used 57467K [0x00000000d0000000, 0x00000000d4c80000, 0x00000000e0000000)
  object space 78336K, 73% used [0x00000000d0000000,0x00000000d381ed68,0x00000000d4c80000)
Event: 8.206 GC heap after
Heap after GC invocations=12 (full 2):
 PSYoungGen      total 66048K, used 9986K [0x00000000f5500000, 0x00000000fb280000, 0x0000000100000000)
  eden space 47616K, 0% used [0x00000000f5500000,0x00000000f5500000,0x00000000f8380000)
  from space 18432K, 54% used [0x00000000fa080000,0x00000000faa40b90,0x00000000fb280000)
  to   space 24064K, 0% used [0x00000000f8380000,0x00000000f8380000,0x00000000f9b00000)
 ParOldGen       total 76288K, used 37528K [0x00000000e0000000, 0x00000000e4a80000, 0x00000000f5500000)
  object space 76288K, 49% used [0x00000000e0000000,0x00000000e24a6100,0x00000000e4a80000)
 PSPermGen       total 78336K, used 57467K [0x00000000d0000000, 0x00000000d4c80000, 0x00000000e0000000)
  object space 78336K, 73% used [0x00000000d0000000,0x00000000d381ed68,0x00000000d4c80000)
}
Event: 9.071 GC heap before
{Heap before GC invocations=13 (full 2):
 PSYoungGen      total 66048K, used 57602K [0x00000000f5500000, 0x00000000fb280000, 0x0000000100000000)
  eden space 47616K, 100% used [0x00000000f5500000,0x00000000f8380000,0x00000000f8380000)
  from space 18432K, 54% used [0x00000000fa080000,0x00000000faa40b90,0x00000000fb280000)
  to   space 24064K, 0% used [0x00000000f8380000,0x00000000f8380000,0x00000000f9b00000)
 ParOldGen       total 76288K, used 37528K [0x00000000e0000000, 0x00000000e4a80000, 0x00000000f5500000)
  object space 76288K, 49% used [0x00000000e0000000,0x00000000e24a6100,0x00000000e4a80000)
 PSPermGen       total 78336K, used 63679K [0x00000000d0000000, 0x00000000d4c80000, 0x00000000e0000000)
  object space 78336K, 81% used [0x00000000d0000000,0x00000000d3e2fe98,0x00000000d4c80000)
Event: 9.085 GC heap after
Heap after GC invocations=13 (full 2):
 PSYoungGen      total 71680K, used 13845K [0x00000000f5500000, 0x00000000fbc80000, 0x0000000100000000)
  eden space 47616K, 0% used [0x00000000f5500000,0x00000000f5500000,0x00000000f8380000)
  from space 24064K, 57% used [0x00000000f8380000,0x00000000f9105628,0x00000000f9b00000)
  to   space 24064K, 0% used [0x00000000fa500000,0x00000000fa500000,0x00000000fbc80000)
 ParOldGen       total 76288K, used 37528K [0x00000000e0000000, 0x00000000e4a80000, 0x00000000f5500000)
  object space 76288K, 49% used [0x00000000e0000000,0x00000000e24a6100,0x00000000e4a80000)
 PSPermGen       total 78336K, used 63679K [0x00000000d0000000, 0x00000000d4c80000, 0x00000000e0000000)
  object space 78336K, 81% used [0x00000000d0000000,0x00000000d3e2fe98,0x00000000d4c80000)
}
Event: 9.315 GC heap before
{Heap before GC invocations=14 (full 2):
 PSYoungGen      total 71680K, used 61389K [0x00000000f5500000, 0x00000000fbc80000, 0x0000000100000000)
  eden space 47616K, 99% used [0x00000000f5500000,0x00000000f836def8,0x00000000f8380000)
  from space 24064K, 57% used [0x00000000f8380000,0x00000000f9105628,0x00000000f9b00000)
  to   space 24064K, 0% used [0x00000000fa500000,0x00000000fa500000,0x00000000fbc80000)
 ParOldGen       total 76288K, used 37528K [0x00000000e0000000, 0x00000000e4a80000, 0x00000000f5500000)
  object space 76288K, 49% used [0x00000000e0000000,0x00000000e24a6100,0x00000000e4a80000)
 PSPermGen       total 78336K, used 63765K [0x00000000d0000000, 0x00000000d4c80000, 0x00000000e0000000)
  object space 78336K, 81% used [0x00000000d0000000,0x00000000d3e456a0,0x00000000d4c80000)
Event: 9.337 GC heap after
Heap after GC invocations=14 (full 2):
 PSYoungGen      total 82944K, used 11688K [0x00000000f5500000, 0x00000000fbf00000, 0x0000000100000000)
  eden space 58880K, 0% used [0x00000000f5500000,0x00000000f5500000,0x00000000f8e80000)
  from space 24064K, 48% used [0x00000000fa500000,0x00000000fb06a3a0,0x00000000fbc80000)
  to   space 23040K, 0% used [0x00000000f8e80000,0x00000000f8e80000,0x00000000fa500000)
 ParOldGen       total 76288K, used 37536K [0x00000000e0000000, 0x00000000e4a80000, 0x00000000f5500000)
  object space 76288K, 49% used [0x00000000e0000000,0x00000000e24a8100,0x00000000e4a80000)
 PSPermGen       total 78336K, used 63765K [0x00000000d0000000, 0x00000000d4c80000, 0x00000000e0000000)
  object space 78336K, 81% used [0x00000000d0000000,0x00000000d3e456a0,0x00000000d4c80000)
}
Event: 10.048 GC heap before
{Heap before GC invocations=15 (full 2):
 PSYoungGen      total 82944K, used 70568K [0x00000000f5500000, 0x00000000fbf00000, 0x0000000100000000)
  eden space 58880K, 100% used [0x00000000f5500000,0x00000000f8e80000,0x00000000f8e80000)
  from space 24064K, 48% used [0x00000000fa500000,0x00000000fb06a3a0,0x00000000fbc80000)
  to   space 23040K, 0% used [0x00000000f8e80000,0x00000000f8e80000,0x00000000fa500000)
 ParOldGen       total 76288K, used 37536K [0x00000000e0000000, 0x00000000e4a80000, 0x00000000f5500000)
  object space 76288K, 49% used [0x00000000e0000000,0x00000000e24a8100,0x00000000e4a80000)
 PSPermGen       total 78336K, used 71006K [0x00000000d0000000, 0x00000000d4c80000, 0x00000000e0000000)
  object space 78336K, 90% used [0x00000000d0000000,0x00000000d45579d8,0x00000000d4c80000)
Event: 10.067 GC heap after
Heap after GC invocations=15 (full 2):
 PSYoungGen      total 81920K, used 23012K [0x00000000f5500000, 0x00000000fd500000, 0x0000000100000000)
  eden space 58880K, 0% used [0x00000000f5500000,0x00000000f5500000,0x00000000f8e80000)
  from space 23040K, 99% used [0x00000000f8e80000,0x00000000fa4f90b8,0x00000000fa500000)
  to   space 27136K, 0% used [0x00000000fba80000,0x00000000fba80000,0x00000000fd500000)
 ParOldGen       total 76288K, used 40186K [0x00000000e0000000, 0x00000000e4a80000, 0x00000000f5500000)
  object space 76288K, 52% used [0x00000000e0000000,0x00000000e273ebb8,0x00000000e4a80000)
 PSPermGen       total 78336K, used 71006K [0x00000000d0000000, 0x00000000d4c80000, 0x00000000e0000000)
  object space 78336K, 90% used [0x00000000d0000000,0x00000000d45579d8,0x00000000d4c80000)
}

